<?xml version="1.0" encoding="UTF-8"?>
<!-- Generated by org.testng.reporters.JUnitReportReporter -->
<testsuite hostname="DESKTOP-FVL7V1F" failures="0" tests="1" name="Test_cases.invalidTest" time="0.429" errors="0" timestamp="2023-09-01T19:38:52 IST" skipped="0">
  <testcase classname="Test_cases.invalidTest" name="invalid" time="0.429"/>
</testsuite> <!-- Test_cases.invalidTest -->
