<?xml version="1.0" encoding="UTF-8"?>
<!-- Generated by org.testng.reporters.JUnitReportReporter -->
<testsuite hostname="DESKTOP-FVL7V1F" failures="0" tests="1" name="Test_cases.DelectPackageTest" time="3.771" errors="0" timestamp="2023-09-08T13:49:42 IST" skipped="0">
  <testcase classname="Test_cases.DelectPackageTest" name="Delect" time="3.771"/>
</testsuite> <!-- Test_cases.DelectPackageTest -->
