<?xml version="1.0" encoding="UTF-8"?>
<!-- Generated by org.testng.reporters.JUnitReportReporter -->
<testsuite hostname="DESKTOP-FVL7V1F" failures="0" tests="1" name="Test_cases.TestCases" time="6.589" errors="0" timestamp="2023-08-31T09:38:30 IST" skipped="0">
  <testcase classname="Test_cases.TestCases" name="CheckAdminLogin" time="6.589"/>
</testsuite> <!-- Test_cases.TestCases -->
