<?xml version="1.0" encoding="UTF-8"?>
<!-- Generated by org.testng.reporters.JUnitReportReporter -->
<testsuite hostname="DESKTOP-FVL7V1F" failures="0" tests="1" name="Test_cases.loginTest" time="2.838" errors="0" timestamp="2023-09-01T19:39:29 IST" skipped="0">
  <testcase classname="Test_cases.loginTest" name="CheckAdminLogin" time="2.838"/>
</testsuite> <!-- Test_cases.loginTest -->
