<?xml version="1.0" encoding="UTF-8"?>
<!-- Generated by org.testng.reporters.JUnitReportReporter -->
<testsuite hostname="DESKTOP-FVL7V1F" failures="0" tests="1" name="Test_cases.AddPackageTest" time="10.166" errors="0" timestamp="2023-09-07T12:07:01 IST" skipped="0">
  <testcase classname="Test_cases.AddPackageTest" name="packages" time="10.166"/>
</testsuite> <!-- Test_cases.AddPackageTest -->
